[debug] [2025-07-20T17:58:51.514Z] ----------------------------------------------------------------------
[debug] [2025-07-20T17:58:51.517Z] Command:       C:\Program Files\nodejs\node.exe C:\Users\Admin\AppData\Roaming\npm\node_modules\firebase-tools\lib\bin\firebase.js init
[debug] [2025-07-20T17:58:51.518Z] CLI Version:   14.11.0
[debug] [2025-07-20T17:58:51.518Z] Platform:      win32
[debug] [2025-07-20T17:58:51.518Z] Node Version:  v22.17.1
[debug] [2025-07-20T17:58:51.518Z] Time:          Sun Jul 20 2025 23:28:51 GMT+0530 (India Standard Time)
[debug] [2025-07-20T17:58:51.519Z] ----------------------------------------------------------------------
[debug] 
[debug] [2025-07-20T17:58:51.525Z] > command requires scopes: ["email","openid","https://www.googleapis.com/auth/cloudplatformprojects.readonly","https://www.googleapis.com/auth/firebase","https://www.googleapis.com/auth/cloud-platform"]
[debug] [2025-07-20T17:58:51.525Z] > authorizing via signed-in user (sudarsanaraogorthi@gmail.com)
[info] 
     ######## #### ########  ######## ########     ###     ######  ########
     ##        ##  ##     ## ##       ##     ##  ##   ##  ##       ##
     ######    ##  ########  ######   ########  #########  ######  ######
     ##        ##  ##    ##  ##       ##     ## ##     ##       ## ##
     ##       #### ##     ## ######## ########  ##     ##  ######  ########

You're about to initialize a Firebase project in this directory:

  C:\Users\Admin\Desktop\medicing learning lab

[info] 
=== Project Setup
[info] 
[info] First, let's associate this project directory with a Firebase project.
[info] You can create multiple project aliases by running firebase use --add, 
[info] but for now we'll just set up a default project.
[info] 
[debug] [2025-07-20T18:00:41.687Z] Checked if tokens are valid: true, expires at: 1753037913319
[debug] [2025-07-20T18:00:41.687Z] Checked if tokens are valid: true, expires at: 1753037913319
[debug] [2025-07-20T18:00:41.689Z] >>> [apiv2][query] GET https://firebase.googleapis.com/v1beta1/projects pageSize=100
[debug] [2025-07-20T18:00:43.672Z] <<< [apiv2][status] GET https://firebase.googleapis.com/v1beta1/projects 200
[debug] [2025-07-20T18:00:43.672Z] <<< [apiv2][body] GET https://firebase.googleapis.com/v1beta1/projects [omitted]
[info] i  Using project cvs-certification (cvs-certification) 
[info] 
=== Hosting Setup
[debug] [2025-07-20T18:00:46.670Z] Checked if tokens are valid: true, expires at: 1753037913319
[debug] [2025-07-20T18:00:46.670Z] Checked if tokens are valid: true, expires at: 1753037913319
[debug] [2025-07-20T18:00:46.670Z] >>> [apiv2][query] GET https://firebase.googleapis.com/v1beta1/projects/cvs-certification [none]
[debug] [2025-07-20T18:00:47.038Z] <<< [apiv2][status] GET https://firebase.googleapis.com/v1beta1/projects/cvs-certification 200
[debug] [2025-07-20T18:00:47.039Z] <<< [apiv2][body] GET https://firebase.googleapis.com/v1beta1/projects/cvs-certification {"projectId":"cvs-certification","projectNumber":"837880522318","displayName":"cvs-certification","name":"projects/cvs-certification","resources":{"hostingSite":"cvs-certification"},"state":"ACTIVE","etag":"1_09a93b3c-8428-430c-82fa-f03a912fcaaf"}
[info] 
[info] Your public directory is the folder (relative to your project directory) that
[info] will contain Hosting assets to be uploaded with firebase deploy. If you
[info] have a build process for your assets, use your build's output directory.
[info] 
[debug] [2025-07-20T18:08:34.176Z] >>> [apiv2][query] GET https://www.gstatic.com/firebasejs/releases.json [none]
[debug] [2025-07-20T18:08:34.706Z] <<< [apiv2][status] GET https://www.gstatic.com/firebasejs/releases.json 200
[debug] [2025-07-20T18:08:34.706Z] <<< [apiv2][body] GET https://www.gstatic.com/firebasejs/releases.json {"current":{"version":"12.0.0","browserURL":"https://www.gstatic.com/firebasejs/12.0.0/firebase.js","packageURL":"https://www.gstatic.com/firebasejs/12.0.0/firebase.tgz"},"live":{"version":"12.0","browserURL":"https://www.gstatic.com/firebasejs/live/12.0/firebase.js","packageURL":"https://www.gstatic.com/firebasejs/live/12.0/firebase.tgz"},"components":{"ai":"https://www.gstatic.com/firebasejs/12.0.0/firebase-ai.js","analytics":"https://www.gstatic.com/firebasejs/12.0.0/firebase-analytics.js","app":"https://www.gstatic.com/firebasejs/12.0.0/firebase-app.js","app-check":"https://www.gstatic.com/firebasejs/12.0.0/firebase-app-check.js","auth":"https://www.gstatic.com/firebasejs/12.0.0/firebase-auth.js","auth/cordova":"https://www.gstatic.com/firebasejs/12.0.0/firebase-auth/cordova.js","auth/web-extension":"https://www.gstatic.com/firebasejs/12.0.0/firebase-auth/web-extension.js","functions":"https://www.gstatic.com/firebasejs/12.0.0/firebase-functions.js","firestore":"https://www.gstatic.com/firebasejs/12.0.0/firebase-firestore.js","firestore/lite":"https://www.gstatic.com/firebasejs/12.0.0/firebase-firestore/lite.js","installations":"https://www.gstatic.com/firebasejs/12.0.0/firebase-installations.js","storage":"https://www.gstatic.com/firebasejs/12.0.0/firebase-storage.js","performance":"https://www.gstatic.com/firebasejs/12.0.0/firebase-performance.js","remote-config":"https://www.gstatic.com/firebasejs/12.0.0/firebase-remote-config.js","messaging":"https://www.gstatic.com/firebasejs/12.0.0/firebase-messaging.js","messaging/sw":"https://www.gstatic.com/firebasejs/12.0.0/firebase-messaging/sw.js","database":"https://www.gstatic.com/firebasejs/12.0.0/firebase-database.js","data-connect":"https://www.gstatic.com/firebasejs/12.0.0/firebase-data-connect.js","firestore.memory":"https://www.gstatic.com/firebasejs/12.0.0/firebase-firestore.memory.js"}}
[info] i  Skipping write of ./index.html 
[info] 
[info] i  Detected a .git folder at C:\Users\Admin\Desktop 
[info] i  Authorizing with GitHub to upload your service account to a GitHub repository's secrets store. 
[info] 
[info] Visit this URL on this device to log in:
[info] https://github.com/login/oauth/authorize?client_id=89cf50f02ac6aaed3484&state=197503127&redirect_uri=http%3A%2F%2Flocalhost%3A9005&scope=read%3Auser%20repo%20public_repo
[info] 
[info] Waiting for authentication...
[debug] [2025-07-20T18:11:37.744Z] >>> [apiv2][query] POST https://github.com/login/oauth/access_token [none]
[debug] [2025-07-20T18:11:37.744Z] >>> [apiv2][body] POST https://github.com/login/oauth/access_token [stream]
[debug] [2025-07-20T18:11:38.231Z] <<< [apiv2][status] POST https://github.com/login/oauth/access_token 200
[debug] [2025-07-20T18:11:38.231Z] <<< [apiv2][body] POST https://github.com/login/oauth/access_token {"access_token":"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","token_type":"bearer","scope":"read:user,repo"}
[debug] [2025-07-20T18:11:38.248Z] >>> [apiv2][query] GET https://api.github.com/user [none]
[debug] [2025-07-20T18:11:38.711Z] <<< [apiv2][status] GET https://api.github.com/user 200
[debug] [2025-07-20T18:11:38.712Z] <<< [apiv2][body] GET https://api.github.com/user {"login":"MedicingEnterprises","id":151291990,"node_id":"U_kgDOCQSIVg","avatar_url":"https://avatars.githubusercontent.com/u/151291990?v=4","gravatar_id":"","url":"https://api.github.com/users/MedicingEnterprises","html_url":"https://github.com/MedicingEnterprises","followers_url":"https://api.github.com/users/MedicingEnterprises/followers","following_url":"https://api.github.com/users/MedicingEnterprises/following{/other_user}","gists_url":"https://api.github.com/users/MedicingEnterprises/gists{/gist_id}","starred_url":"https://api.github.com/users/MedicingEnterprises/starred{/owner}{/repo}","subscriptions_url":"https://api.github.com/users/MedicingEnterprises/subscriptions","organizations_url":"https://api.github.com/users/MedicingEnterprises/orgs","repos_url":"https://api.github.com/users/MedicingEnterprises/repos","events_url":"https://api.github.com/users/MedicingEnterprises/events{/privacy}","received_events_url":"https://api.github.com/users/MedicingEnterprises/received_events","type":"User","user_view_type":"private","site_admin":false,"name":null,"company":null,"blog":"","location":null,"email":null,"hireable":null,"bio":null,"twitter_username":null,"notification_email":null,"public_repos":2,"public_gists":0,"followers":0,"following":0,"created_at":"2023-11-18T01:53:19Z","updated_at":"2025-07-20T05:35:57Z","private_gists":0,"total_private_repos":5,"owned_private_repos":5,"disk_usage":10022,"collaborators":1,"two_factor_authentication":false,"plan":{"name":"free","space":976562499,"collaborators":0,"private_repos":10000}}
[info] 
[info] +  Success! Logged into GitHub as MedicingEnterprises 
[info] 
